<?xml version="1.0" encoding="UTF-8"?>
<testng-results skipped="0" failed="0" total="5" passed="5">
  <reporter-output>
  </reporter-output>
  <suite name="Default suite" duration-ms="16650" started-at="2015-01-24T22:07:36Z" finished-at="2015-01-24T22:07:52Z">
    <groups>
    </groups>
    <test name="Default test" duration-ms="16650" started-at="2015-01-24T22:07:36Z" finished-at="2015-01-24T22:07:52Z">
      <class name="com.example.tests.GroupCreationTests2">
        <test-method status="PASS" signature="setUp()[pri:0, instance:com.example.tests.GroupCreationTests2@71f2a7d5]" name="setUp" is-config="true" duration-ms="1488" started-at="2015-01-24T17:07:44Z" finished-at="2015-01-24T17:07:45Z">
          <reporter-output>
          </reporter-output>
        </test-method> <!-- setUp -->
        <test-method status="PASS" signature="testUntitled()[pri:0, instance:com.example.tests.GroupCreationTests2@71f2a7d5]" name="testUntitled" duration-ms="2874" started-at="2015-01-24T17:07:45Z" finished-at="2015-01-24T17:07:48Z">
          <reporter-output>
          </reporter-output>
        </test-method> <!-- testUntitled -->
        <test-method status="PASS" signature="tearDown()[pri:0, instance:com.example.tests.GroupCreationTests2@71f2a7d5]" name="tearDown" is-config="true" duration-ms="1169" started-at="2015-01-24T17:07:48Z" finished-at="2015-01-24T17:07:50Z">
          <reporter-output>
          </reporter-output>
        </test-method> <!-- tearDown -->
      </class> <!-- com.example.tests.GroupCreationTests2 -->
      <class name="com.example.tests.TestBase">
        <test-method status="PASS" signature="setUp()[pri:0, instance:com.example.tests.TestBase@3ecf72fd]" name="setUp" is-config="true" duration-ms="5108" started-at="2015-01-24T17:07:36Z" finished-at="2015-01-24T17:07:41Z">
          <reporter-output>
          </reporter-output>
        </test-method> <!-- setUp -->
        <test-method status="PASS" signature="tearDown()[pri:0, instance:com.example.tests.TestBase@3ecf72fd]" name="tearDown" is-config="true" duration-ms="250" started-at="2015-01-24T17:07:52Z" finished-at="2015-01-24T17:07:52Z">
          <reporter-output>
          </reporter-output>
        </test-method> <!-- tearDown -->
      </class> <!-- com.example.tests.TestBase -->
      <class name="com.example.tests.MoreGroupCreationTests">
        <test-method status="PASS" signature="testEmptyGroupCreation()[pri:0, instance:com.example.tests.MoreGroupCreationTests@25618e91]" name="testEmptyGroupCreation" duration-ms="1351" started-at="2015-01-24T17:07:50Z" finished-at="2015-01-24T17:07:51Z">
          <reporter-output>
          </reporter-output>
        </test-method> <!-- testEmptyGroupCreation -->
        <test-method status="PASS" signature="testNonEmptyGroupCreation()[pri:0, instance:com.example.tests.MoreGroupCreationTests@25618e91]" name="testNonEmptyGroupCreation" duration-ms="1280" started-at="2015-01-24T17:07:51Z" finished-at="2015-01-24T17:07:52Z">
          <reporter-output>
          </reporter-output>
        </test-method> <!-- testNonEmptyGroupCreation -->
      </class> <!-- com.example.tests.MoreGroupCreationTests -->
      <class name="com.example.tests.GroupCreationTests">
        <test-method status="PASS" signature="testEmptyGroupCreation()[pri:0, instance:com.example.tests.GroupCreationTests@2cfb4a64]" name="testEmptyGroupCreation" duration-ms="1468" started-at="2015-01-24T17:07:41Z" finished-at="2015-01-24T17:07:42Z">
          <reporter-output>
          </reporter-output>
        </test-method> <!-- testEmptyGroupCreation -->
        <test-method status="PASS" signature="testNonEmptyGroupCreation()[pri:0, instance:com.example.tests.GroupCreationTests@2cfb4a64]" name="testNonEmptyGroupCreation" duration-ms="1625" started-at="2015-01-24T17:07:42Z" finished-at="2015-01-24T17:07:44Z">
          <reporter-output>
          </reporter-output>
        </test-method> <!-- testNonEmptyGroupCreation -->
      </class> <!-- com.example.tests.GroupCreationTests -->
    </test> <!-- Default test -->
  </suite> <!-- Default suite -->
</testng-results>
