<?xml version="1.0" encoding="UTF-8"?>
<!-- Generated by org.testng.reporters.JUnitXMLReporter -->
<testsuite hostname="chr-0899" name="Default test" tests="5" failures="0" timestamp="25 Jan 2015 03:29:59 GMT" time="15.752" errors="0">
  <testcase name="testEmptyGroupCreation" time="1.584" classname="com.example.tests.GroupCreationTests"/>
  <testcase name="testNonEmptyGroupCreation" time="1.929" classname="com.example.tests.GroupCreationTests"/>
  <testcase name="testEmptyGroupCreation" time="1.381" classname="com.example.tests.MoreGroupCreationTests"/>
  <testcase name="testNonEmptyGroupCreation" time="1.629" classname="com.example.tests.MoreGroupCreationTests"/>
  <testcase name="testNonEmptyContactCreation" time="2.455" classname="com.example.tests.NewContactCreation"/>
</testsuite> <!-- Default test -->
