<?xml version="1.0" encoding="UTF-8"?>
<!-- Generated by org.testng.reporters.JUnitXMLReporter -->
<testsuite hostname="chr-0899" name="Default test" tests="5" failures="0" timestamp="24 Jan 2015 22:07:52 GMT" time="16.65" errors="0">
  <testcase name="testEmptyGroupCreation" time="1.468" classname="com.example.tests.GroupCreationTests"/>
  <testcase name="testNonEmptyGroupCreation" time="1.625" classname="com.example.tests.GroupCreationTests"/>
  <testcase name="testUntitled" time="2.874" classname="com.example.tests.GroupCreationTests2"/>
  <testcase name="testEmptyGroupCreation" time="1.351" classname="com.example.tests.MoreGroupCreationTests"/>
  <testcase name="testNonEmptyGroupCreation" time="1.28" classname="com.example.tests.MoreGroupCreationTests"/>
</testsuite> <!-- Default test -->
